<?xml version="1.0" encoding="UTF-8"?>
<!-- Generated by org.testng.reporters.JUnitReportReporter -->
<testsuite skipped="0" hostname="uli3101" name="Startlearn.Basic" tests="1" failures="0" timestamp="2021-02-09T22:55:43 IST" time="52.151" errors="0">
  <testcase name="Screenshotverification" time="52.151" classname="Startlearn.Basic"/>
  <system-out/>
</testsuite> <!-- Startlearn.Basic -->
